<?xml version="1.0" encoding="UTF-8"?>
<!-- Generated by org.testng.reporters.JUnitXMLReporter -->
<testsuite ignored="0" hostname="DESKTOP-1MI440S" failures="1" tests="1" name="Test_Firefox" time="0.133" errors="0" timestamp="2024-08-07T15:09:43 IST">
  <testcase classname="Suite.Parallel" name="runner1" time="0.0">
    <failure type="org.testng.TestNGException" message="
Cannot inject @Test annotated Method [runner1] with [class java.lang.String].
For more information on native dependency injection please refer to https://testng.org/doc/documentation-main.html#native-dependency-injection">
      <![CDATA[org.testng.TestNGException: 
Cannot inject @Test annotated Method [runner1] with [class java.lang.String].
For more information on native dependency injection please refer to https://testng.org/doc/documentation-main.html#native-dependency-injection
at java.base/java.util.ArrayList.forEach(ArrayList.java:1511)
... Removed 26 stack frames]]>
    </failure>
  </testcase> <!-- runner1 -->
</testsuite> <!-- Test_Firefox -->
